Task Name: Mapping3_Mapping3
Agent Group Id: 025000000000002
Agent Group Name: Informatica Cloud Hosted Agent
Agent Id: 00800000000000E
09/29/2021 05:11:50 **** Importing Connection: Conn_01ATT70B000000000002 ...
09/29/2021 05:11:50 **** Importing Source Definition: Cars ...
09/29/2021 05:11:50 **** Importing Target Definition: Max_Car_Prices ...
09/29/2021 05:11:50 **** Importing Target Definition: Min_Car_Prices ...
09/29/2021 05:11:50 **** Importing SessionConfig: default_session_config ...
    <Warning> :  The Error Log DB Connection value should have Relational: as the prefix.
    <Warning> :  Invalid value  for attribute Error Log DB Connection. Will use the default value 
    Validating Source Definition  Cars...
    Validating Target Definition  Min_Car_Prices...
    Validating Target Definition  Max_Car_Prices...
09/29/2021 05:11:50 **** Importing Mapping: Mapping0 ...
    <Warning> :  transformation: Source - Invalid value  for attribute Output is repeatable. Will use the default value Never    [transformation< Source > ] 
Validating transformations of mapping Mapping0...
Validating mapping variable(s).
09/29/2021 05:11:50 **** Importing Workflow: wf_mtt_01ATT70Z000000000003 ...
    <Warning> :  The value entered is not a valid integer.
    <Warning> :  Invalid value NO for attribute Fail task after wait time. Will use the default value 
Successfully extracted session instance [s_mtt_01ATT70Z000000000003].  Starting repository sequence id is [-354332642]
DIRECTOR> VAR_27085 [2021-09-29 05:11:50.227] Parameter file [/data2/home/cldagnt/SystemAgent/apps/Data_Integration_Server/data/01ATT70E0000000000B6/01ATT7/parameters/s_mtt_01ATT70Z000000000003.param] is opened for [session [wf_mtt_01ATT70Z000000000003.s_mtt_01ATT70Z000000000003]].
DIRECTOR> VAR_27062 [2021-09-29 05:11:50.228] Warning! Cannot find section for worklet [wf_mtt_01ATT70Z000000000003] and folder [] in parameter file [/data2/home/cldagnt/SystemAgent/apps/Data_Integration_Server/data/01ATT70E0000000000B6/01ATT7/parameters/s_mtt_01ATT70Z000000000003.param].
DIRECTOR> VAR_27028 [2021-09-29 05:11:50.228] Use override value [s_mtt_01ATT70Z000000000003_2_error.csv] for user-defined workflow/worklet variable:[$ErrorFileName].
DIRECTOR> VAR_27028 [2021-09-29 05:11:50.228] Use override value [2021-09-29] for user-defined workflow/worklet variable:[$LastRunDate].
DIRECTOR> VAR_27028 [2021-09-29 05:11:50.228] Use override value [2021-09-29 05:10:31] for user-defined workflow/worklet variable:[$LastRunTime].
DIRECTOR> VAR_27028 [2021-09-29 05:11:50.228] Use override value [s_mtt_01ATT70Z000000000003_9_29_2021_05_11_success.csv] for user-defined workflow/worklet variable:[$SuccessFileName].
DIRECTOR> TM_6014 [2021-09-29 05:11:50.228] Initializing session [s_mtt_01ATT70Z000000000003] at [Wed Sep 29 05:11:50 2021].
DIRECTOR> TM_6683 [2021-09-29 05:11:50.228] Repository Name: [XMLRepository]
DIRECTOR> TM_6684 [2021-09-29 05:11:50.228] Server Name: [rDTM]
DIRECTOR> TM_6686 [2021-09-29 05:11:50.228] Folder: []
DIRECTOR> TM_6685 [2021-09-29 05:11:50.228] Workflow: [wf_mtt_01ATT70Z000000000003] Run Instance Name: [] Run Id: [0]
DIRECTOR> TM_6101 [2021-09-29 05:11:50.228] Mapping name: Mapping0.
DIRECTOR> TM_6964 [2021-09-29 05:11:50.229] Date format for the Session is [MM/DD/YYYY HH24:MI:SS.US]
DIRECTOR> TM_6703 [2021-09-29 05:11:50.233] Session [s_mtt_01ATT70Z000000000003] is run by 64-bit Integration Service  [], version [9.1.0 HotFix1], build [0627].
MANAGER> PETL_24058 [2021-09-29 05:11:50.524] Running Partition Group [1].
MANAGER> PETL_24000 [2021-09-29 05:11:50.524] Parallel Pipeline Engine initializing.
MANAGER> PETL_24001 [2021-09-29 05:11:50.526] Parallel Pipeline Engine running.
MANAGER> PETL_24003 [2021-09-29 05:11:50.526] Initializing session run.
MAPPING> CMN_1569 [2021-09-29 05:11:50.529] Server Mode: [UNICODE]
MAPPING> CMN_1570 [2021-09-29 05:11:50.529] Server Code page: [ISO 8859-1 Western European]
MAPPING> TM_6151 [2021-09-29 05:11:50.529] The session sort order is [Binary].
MAPPING> TM_6185 [2021-09-29 05:11:50.529] Warning. Code page validation is disabled in this session.
MAPPING> CMN_65083 [2021-09-29 05:11:50.529] Current Timezone:[UTC +0:0]
MAPPING> CMN_65085 [2021-09-29 05:11:50.529] Current Process ID:[4444]
MAPPING> TM_6155 [2021-09-29 05:11:50.529] Using HIGH precision processing.
MAPPING> TM_6180 [2021-09-29 05:11:50.529] Deadlock retry logic will not be implemented.
MAPPING> TM_6187 [2021-09-29 05:11:50.529] Session target-based commit interval is [10000].
MAPPING> TM_6307 [2021-09-29 05:11:50.529] DTM error log disabled. 
MAPPING> TE_7022 [2021-09-29 05:11:50.530] TShmWriter: Initialized
MAPPING> DBG_21694 [2021-09-29 05:11:50.549] Max_Price_Aggregator Partition [0]: Index cache size = [1000000], Data cache size = [2000000]
MAPPING> TE_7212 [2021-09-29 05:11:50.549] Increasing [Index Cache] size for transformation [Max_Price_Aggregator] from [1000000] to [10549248].
MAPPING> TE_7212 [2021-09-29 05:11:50.549] Increasing [Data Cache] size for transformation [Max_Price_Aggregator] from [2000000] to [2097608].
MAPPING> TE_7029 [2021-09-29 05:11:50.549] Aggregate Information: Creating New Index and Data Files
MAPPING> TE_7034 [2021-09-29 05:11:50.549] Aggregate Information: Index file is [/data2/home/cldagnt/SystemAgent/apps/Data_Integration_Server/data/01ATT70E0000000000B6/01ATT7/cache/PMAGG-354332602_5_0.idx]
MAPPING> TE_7035 [2021-09-29 05:11:50.549] Aggregate Information: Data file is [/data2/home/cldagnt/SystemAgent/apps/Data_Integration_Server/data/01ATT70E0000000000B6/01ATT7/cache/PMAGG-354332602_5_0.dat]
MAPPING> DBG_21694 [2021-09-29 05:11:50.550] Min_Price_Aggregator Partition [0]: Index cache size = [1000000], Data cache size = [2000000]
MAPPING> TE_7212 [2021-09-29 05:11:50.550] Increasing [Index Cache] size for transformation [Min_Price_Aggregator] from [1000000] to [10549248].
MAPPING> TE_7212 [2021-09-29 05:11:50.550] Increasing [Data Cache] size for transformation [Min_Price_Aggregator] from [2000000] to [2097608].
MAPPING> TE_7029 [2021-09-29 05:11:50.550] Aggregate Information: Creating New Index and Data Files
MAPPING> TE_7034 [2021-09-29 05:11:50.550] Aggregate Information: Index file is [/data2/home/cldagnt/SystemAgent/apps/Data_Integration_Server/data/01ATT70E0000000000B6/01ATT7/cache/PMAGG-354332602_6_0.idx]
MAPPING> TE_7035 [2021-09-29 05:11:50.550] Aggregate Information: Data file is [/data2/home/cldagnt/SystemAgent/apps/Data_Integration_Server/data/01ATT70E0000000000B6/01ATT7/cache/PMAGG-354332602_6_0.dat]
MAPPING> TM_6007 [2021-09-29 05:11:50.563] DTM initialized successfully for session [s_mtt_01ATT70Z000000000003]
DIRECTOR> PETL_24033 [2021-09-29 05:11:50.716] All DTM Connection Info: [<NONE>].
MANAGER> PETL_24004 [2021-09-29 05:11:50.717] Starting pre-session tasks. : (Wed Sep 29 05:11:50 2021)
MANAGER> PETL_24027 [2021-09-29 05:11:50.727] Pre-session task completed successfully. : (Wed Sep 29 05:11:50 2021)
DIRECTOR> PETL_24006 [2021-09-29 05:11:50.727] Starting data movement.
MAPPING> TM_6660 [2021-09-29 05:11:50.727] Total Buffer Pool size is 15798240 bytes and Block size is 562080 bytes.
READER_1_1_1> DBG_21438 [2021-09-29 05:11:50.729] Reader: Source is [odbc://dbtype=MySQL;host=sql6.freemysqlhosting.net;port=3306;database=sql6439158], user [sql6439158]
READER_1_1_1> BLKR_16051 [2021-09-29 05:11:50.743] Source database connection [Conn_01ATT70B000000000002] code page: [UTF-8 encoding of Unicode]
READER_1_1_1> CMN_1021 [2021-09-29 05:11:50.744] Database driver event...
CMN_1021 [Driver Manager used is [UnixODBC 2.3.4].]

READER_1_1_1> CMN_1021 [2021-09-29 05:11:52.334] Database driver event...
CMN_1021 [ODBC Event Using array fetches.
ODBC Event Using Single Row Inserts. connect string = [Driver=MySQL ODBC 8.0 Unicode Driver;Server=sql6.freemysqlhosting.net;Database=sql6439158;Port=3306;USER=sql6439158;NO_SSPS=1;stmt=set time_zone = '+00:00';Charset=UTF8;OPTION=3;SSLMODE=DISABLED]. userid = [sql6439158]
DBMS Name:	MySQL
DBMS Version:	5.5.62-0ubuntu0.14.04.1
Driver Name:	libmyodbc8w.so
Driver Version:	08.00.0012
MySQL rewrite batch optimization is disabled with maximum bind parameter size set to 2500.]

READER_1_1_1> BLKR_16003 [2021-09-29 05:11:52.334] Initialization completed successfully.
WRITER_1_*_1> WRT_8147 [2021-09-29 05:11:52.335] Writer: Target is database [odbc://dbtype=MySQL;host=sql6.freemysqlhosting.net;port=3306;database=sql6439158], user [sql6439158], bulk mode [OFF]
WRITER_1_*_1> CMN_1021 [2021-09-29 05:11:52.336] Database driver event...
CMN_1021 [Driver Manager used is [UnixODBC 2.3.4].]

WRITER_1_*_1> CMN_1021 [2021-09-29 05:11:53.895] Database driver event...
CMN_1021 [ODBC Event Using array fetches.
ODBC Event Using Single Row Inserts. connect string = [Driver=MySQL ODBC 8.0 Unicode Driver;Server=sql6.freemysqlhosting.net;Database=sql6439158;Port=3306;USER=sql6439158;NO_SSPS=1;stmt=set time_zone = '+00:00';Charset=UTF8;OPTION=3;SSLMODE=DISABLED]. userid = [sql6439158]
DBMS Name:	MySQL
DBMS Version:	5.5.62-0ubuntu0.14.04.1
Driver Name:	libmyodbc8w.so
Driver Version:	08.00.0012
MySQL rewrite batch optimization is disabled with maximum bind parameter size set to 2500.]

WRITER_1_*_1> WRT_8221 [2021-09-29 05:11:54.236] Target database connection [Conn_01ATT70B000000000002] code page: [UTF-8 encoding of Unicode]
WRITER_1_*_1> WRT_8124 [2021-09-29 05:11:54.237] Target Table Max_Car_Prices :SQL INSERT statement:
INSERT INTO sql6439158.Max_Car_Prices(Car_ID,Car_Name,Car_Price)  VALUES ( ?, ?, ?) 
WRITER_1_*_1> WRT_8020 [2021-09-29 05:11:54.237] No column marked as primary key for table [Max_Car_Prices]. UPDATEs Not Supported.
WRITER_1_*_1> WRT_8147 [2021-09-29 05:11:54.238] Writer: Target is database [odbc://dbtype=MySQL;host=sql6.freemysqlhosting.net;port=3306;database=sql6439158], user [sql6439158], bulk mode [OFF]
WRITER_1_*_1> WRT_8124 [2021-09-29 05:11:54.238] Target Table Min_Car_Prices :SQL INSERT statement:
INSERT INTO sql6439158.Min_Car_Prices(Car_ID,Car_Name,Car_Price)  VALUES ( ?, ?, ?) 
WRITER_1_*_1> WRT_8020 [2021-09-29 05:11:54.238] No column marked as primary key for table [Min_Car_Prices]. UPDATEs Not Supported.
WRITER_1_*_1> WRT_8270 [2021-09-29 05:11:54.239] Target connection group #1 consists of target(s) [Max_Car_Prices, Min_Car_Prices]
WRITER_1_*_1> WRT_8003 [2021-09-29 05:11:54.239] Writer initialization complete.
READER_1_1_1> BLKR_16007 [2021-09-29 05:11:54.247] Reader run started.
READER_1_1_1> RR_4010 [2021-09-29 05:11:54.247] SQ instance [Source] SQL Query [SELECT sql6439158.Cars.Car_ID, sql6439158.Cars.Car_Name, sql6439158.Cars.Car_Country, sql6439158.Cars.Car_Price FROM sql6439158.Cars]
READER_1_1_1> RR_4049 [2021-09-29 05:11:54.247] SQL Query issued to database : (Wed Sep 29 05:11:54 2021)
WRITER_1_*_1> WRT_8005 [2021-09-29 05:11:54.248] Writer run started.
WRITER_1_*_1> WRT_8158 [2021-09-29 05:11:54.248] 

*****START LOAD SESSION*****

Load Start Time: Wed Sep 29 05:11:53 2021

Target tables:

     Max_Car_Prices
     Min_Car_Prices


READER_1_1_1> RR_4050 [2021-09-29 05:11:54.426] First row returned from database to reader : (Wed Sep 29 05:11:54 2021)
READER_1_1_1> BLKR_16019 [2021-09-29 05:11:54.427] Read [100] rows, read [0] error rows for source table [Cars] instance name [Cars]
READER_1_1_1> BLKR_16008 [2021-09-29 05:11:54.427] Reader run completed.
TRANSF_1_1_1> TE_7032 [2021-09-29 05:11:54.588] The B-Tree being managed in files
/data2/home/cldagnt/SystemAgent/apps/Data_Integration_Server/data/01ATT70E0000000000B6/01ATT7/cache/PMAGG-354332602_5_0.dat for Data and

/data2/home/cldagnt/SystemAgent/apps/Data_Integration_Server/data/01ATT70E0000000000B6/01ATT7/cache/PMAGG-354332602_5_0.idx for Index has:
	Index Size:	1535
	Row Size:	624
	Order:		100
	Minimum Order:	50
	Height:		1
	Entries:	20
	IndexPageSize:	155136
	IndexPages:	68
	DataPageSize:	632
	DataPages:	3319

TRANSF_1_1_1> TE_7032 [2021-09-29 05:11:54.588] The B-Tree being managed in files
/data2/home/cldagnt/SystemAgent/apps/Data_Integration_Server/data/01ATT70E0000000000B6/01ATT7/cache/PMAGG-354332602_6_0.dat for Data and

/data2/home/cldagnt/SystemAgent/apps/Data_Integration_Server/data/01ATT70E0000000000B6/01ATT7/cache/PMAGG-354332602_6_0.idx for Index has:
	Index Size:	1535
	Row Size:	624
	Order:		100
	Minimum Order:	50
	Height:		1
	Entries:	20
	IndexPageSize:	155136
	IndexPages:	68
	DataPageSize:	632
	DataPages:	3319

TRANSF_1_1_1> DBG_21216 [2021-09-29 05:11:54.588] Finished transformations for Source Qualifier [Source]. Total errors [0] 
WRITER_1_*_1> WRT_8167 [2021-09-29 05:11:54.588] Start loading table [Max_Car_Prices] at: Wed Sep 29 05:11:54 2021
WRITER_1_*_1> WRT_8167 [2021-09-29 05:11:58.133] Start loading table [Min_Car_Prices] at: Wed Sep 29 05:11:57 2021
WRITER_1_*_1> WRT_8168 [2021-09-29 05:12:01.683] End loading table [Max_Car_Prices] at: Wed Sep 29 05:12:01 2021
WRITER_1_*_1> WRT_8141 [2021-09-29 05:12:01.855] 
Commit on end-of-data  Wed Sep 29 05:12:01 2021
===================================================

WRT_8036 Target: Max_Car_Prices (Instance Name: [Max_Car_Prices])
WRT_8038 Inserted rows - Requested: 20         Applied: 20         Rejected: 0          Affected: 20        

WRT_8036 Target: Min_Car_Prices (Instance Name: [Min_Car_Prices])
WRT_8038 Inserted rows - Requested: 20         Applied: 20         Rejected: 0          Affected: 20        

WRITER_1_*_1> WRT_8168 [2021-09-29 05:12:01.855] End loading table [Min_Car_Prices] at: Wed Sep 29 05:12:01 2021
WRITER_1_*_1> WRT_8035 [2021-09-29 05:12:01.855] Load complete time: Wed Sep 29 05:12:01 2021

LOAD SUMMARY
============

WRT_8036 Target: Max_Car_Prices (Instance Name: [Max_Car_Prices])
WRT_8038 Inserted rows - Requested: 20         Applied: 20         Rejected: 0          Affected: 20        

WRT_8036 Target: Min_Car_Prices (Instance Name: [Min_Car_Prices])
WRT_8038 Inserted rows - Requested: 20         Applied: 20         Rejected: 0          Affected: 20        


WRITER_1_*_1> WRT_8043 [2021-09-29 05:12:01.855] *****END LOAD SESSION*****
WRITER_1_*_1> WRT_8006 [2021-09-29 05:12:02.104] Writer run completed.
MANAGER> PETL_24031 [2021-09-29 05:12:02.105] 
***** RUN INFO FOR TGT LOAD ORDER GROUP [1], CONCURRENT SET [1] *****
Thread [READER_1_1_1] created for [the read stage] of partition point [Source] has completed. The total run time was insufficient for any meaningful statistics.
Thread [TRANSF_1_1_1] created for [the transformation stage] of partition point [Source] has completed. The total run time was insufficient for any meaningful statistics.
Thread [WRITER_1_*_1] created for [the write stage] of partition point [Max_Car_Prices, Min_Car_Prices] has completed.
	Total Run Time = [7.515647] secs
	Total Idle Time = [0.000000] secs
	Busy Percentage = [100.000000]

MAPPING> CMN_1791 [2021-09-29 05:12:02.105] The index cache size that would hold [20] aggregate groups of input rows for [Max_Price_Aggregator], in memory, is [155136] bytes
MAPPING> CMN_1790 [2021-09-29 05:12:02.105] The data cache size that would hold [20] aggregate groups of input rows for [Max_Price_Aggregator], in memory, is [12640] bytes
MAPPING> CMN_1791 [2021-09-29 05:12:02.105] The index cache size that would hold [20] aggregate groups of input rows for [Min_Price_Aggregator], in memory, is [155136] bytes
MAPPING> CMN_1790 [2021-09-29 05:12:02.105] The data cache size that would hold [20] aggregate groups of input rows for [Min_Price_Aggregator], in memory, is [12640] bytes
MANAGER> PETL_24005 [2021-09-29 05:12:02.106] Starting post-session tasks. : (Wed Sep 29 05:12:02 2021)
MANAGER> PETL_24029 [2021-09-29 05:12:02.127] Post-session task completed successfully. : (Wed Sep 29 05:12:02 2021)
MAPPING> TM_6018 [2021-09-29 05:12:02.127] The session completed with [0] row transformation errors. 
MANAGER> TE_7216 [2021-09-29 05:12:02.128] Deleting cache files [/data2/home/cldagnt/SystemAgent/apps/Data_Integration_Server/data/01ATT70E0000000000B6/01ATT7/cache/PMAGG-354332602_5_0.idx] for transformation [Max_Price_Aggregator].
MANAGER> TE_7216 [2021-09-29 05:12:02.128] Deleting cache files [/data2/home/cldagnt/SystemAgent/apps/Data_Integration_Server/data/01ATT70E0000000000B6/01ATT7/cache/PMAGG-354332602_5_0.dat] for transformation [Max_Price_Aggregator].
MANAGER> TE_7216 [2021-09-29 05:12:02.128] Deleting cache files [/data2/home/cldagnt/SystemAgent/apps/Data_Integration_Server/data/01ATT70E0000000000B6/01ATT7/cache/PMAGG-354332602_6_0.idx] for transformation [Min_Price_Aggregator].
MANAGER> TE_7216 [2021-09-29 05:12:02.128] Deleting cache files [/data2/home/cldagnt/SystemAgent/apps/Data_Integration_Server/data/01ATT70E0000000000B6/01ATT7/cache/PMAGG-354332602_6_0.dat] for transformation [Min_Price_Aggregator].
MANAGER> PETL_24002 [2021-09-29 05:12:02.669] Parallel Pipeline Engine finished.
DIRECTOR> PETL_24012 [2021-09-29 05:12:02.669] Session run completed successfully.
DIRECTOR> TM_6022 [2021-09-29 05:12:02.669] 

SESSION LOAD SUMMARY
================================================

DIRECTOR> TM_6252 [2021-09-29 05:12:02.669] Source Load Summary.
DIRECTOR> CMN_1740 [2021-09-29 05:12:02.669] Table: [Source] (Instance Name: [Source])
	 Output Rows [100], Affected Rows [100], Applied Rows [100], Rejected Rows [0]
DIRECTOR> TM_6253 [2021-09-29 05:12:02.669] Target Load Summary.
DIRECTOR> CMN_1740 [2021-09-29 05:12:02.669] Table: [Max_Car_Prices] (Instance Name: [Max_Car_Prices])
	 Output Rows [20], Affected Rows [20], Applied Rows [20], Rejected Rows [0]
DIRECTOR> CMN_1740 [2021-09-29 05:12:02.669] Table: [Min_Car_Prices] (Instance Name: [Min_Car_Prices])
	 Output Rows [20], Affected Rows [20], Applied Rows [20], Rejected Rows [0]
DIRECTOR> TM_6023 [2021-09-29 05:12:02.669] 
===================================================

DIRECTOR> TM_6020 [2021-09-29 05:12:02.669] Session [s_mtt_01ATT70Z000000000003] completed at [Wed Sep 29 05:12:02 2021].
